<?xml version="1.0" encoding="UTF-8"?>
<beans xmlns="http://www.springframework.org/schema/beans"
       xmlns:xsi="http://www.w3.org/2001/XMLSchema-instance"
       xmlns:context="http://www.springframework.org/schema/context"
       xmlns:p="http://www.springframework.org/schema/p"
       xmlns:mongo="http://www.springframework.org/schema/data/mongo"
       xsi:schemaLocation="http://www.springframework.org/schema/beans
       http://www.springframework.org/schema/beans/spring-beans-3.2.xsd
       http://www.springframework.org/schema/context 
       http://www.springframework.org/schema/context/spring-context-3.2.xsd
       http://www.springframework.org/schema/data/mongo
       http://www.springframework.org/schema/data/mongo/spring-mongo-1.0.xsd">
    
	<context:annotation-config />
   
 	<context:component-scan base-package="com.prestafacturaService.tests" />
  
 	<bean id="usuarioManager" class="com.prestafacturaService.mongo.manager.UsuarioManager"></bean>
 	<bean id="rolManager" class="com.prestafacturaService.mongo.manager.RolManager"></bean>
	<bean id="permisoManager" class="com.prestafacturaService.mongo.manager.PermisoManager"></bean>
	<bean id="recursoManager" class="com.prestafacturaService.mongo.manager.RecursoManager"></bean>
	
	<bean id="recursoRepositoryImpl" class="com.prestafacturaService.mongo.repositories.propios.RecursoRepositoryImpl"></bean>
	
 	<bean class="com.prestafacturaService.mongo.util.CascadingMongoEventListener"/>
</beans>